<?xml version="1.0" encoding="UTF-8"?>
<testng-results ignored="2" total="6" passed="4" failed="0" skipped="0">
  <reporter-output>
  </reporter-output>
  <suite started-at="2022-07-30T21:58:51 EDT" name="TestSuite" finished-at="2022-07-30T21:59:12 EDT" duration-ms="20357">
    <groups>
    </groups>
    <test started-at="2022-07-30T21:58:51 EDT" name="Chrome Test" finished-at="2022-07-30T21:59:12 EDT" duration-ms="20357">
      <class name="pages.LoginPage">
        <test-method is-config="true" signature="setup()[pri:0, instance:pages.LoginPage@4034c28c]" started-at="2022-07-30T21:58:50 EDT" name="setup" finished-at="2022-07-30T21:58:51 EDT" duration-ms="1497" status="PASS">
          <reporter-output>
          </reporter-output>
        </test-method> <!-- setup -->
        <test-method signature="enterUserName()[pri:1, instance:pages.LoginPage@4034c28c]" started-at="2022-07-30T21:58:52 EDT" name="enterUserName" finished-at="2022-07-30T21:58:57 EDT" duration-ms="5128" status="PASS">
          <reporter-output>
          </reporter-output>
        </test-method> <!-- enterUserName -->
        <test-method signature="enterPassword()[pri:2, instance:pages.LoginPage@4034c28c]" started-at="2022-07-30T21:58:57 EDT" name="enterPassword" finished-at="2022-07-30T21:59:02 EDT" duration-ms="5050" status="PASS">
          <reporter-output>
          </reporter-output>
        </test-method> <!-- enterPassword -->
        <test-method signature="clickLogIn()[pri:3, instance:pages.LoginPage@4034c28c]" started-at="2022-07-30T21:59:02 EDT" name="clickLogIn" finished-at="2022-07-30T21:59:07 EDT" duration-ms="5100" status="PASS">
          <reporter-output>
          </reporter-output>
        </test-method> <!-- clickLogIn -->
        <test-method is-config="true" signature="close()[pri:0, instance:pages.LoginPage@4034c28c]" started-at="2022-07-30T21:59:12 EDT" name="close" finished-at="2022-07-30T21:59:12 EDT" duration-ms="200" status="PASS">
          <reporter-output>
          </reporter-output>
        </test-method> <!-- close -->
      </class> <!-- pages.LoginPage -->
      <class name="pages.ProductsPage">
        <test-method signature="addItemToCart()[pri:4, instance:pages.ProductsPage@e50a6f6]" started-at="2022-07-30T21:59:07 EDT" name="addItemToCart" finished-at="2022-07-30T21:59:12 EDT" duration-ms="5044" status="PASS">
          <reporter-output>
          </reporter-output>
        </test-method> <!-- addItemToCart -->
      </class> <!-- pages.ProductsPage -->
    </test> <!-- Chrome Test -->
  </suite> <!-- TestSuite -->
</testng-results>
