<?xml version="1.0" encoding="UTF-8"?>
<!-- Generated by org.testng.reporters.JUnitXMLReporter -->
<testsuite ignored="2" hostname="Optimus-Prime" failures="0" tests="4" name="Chrome Test" time="20.359" errors="0" timestamp="2022-07-30T21:58:25 EDT">
  <testcase classname="pages.LoginPage" name="enterUserName" time="5.11"/>
  <testcase classname="pages.LoginPage" name="enterPassword" time="5.062"/>
  <testcase classname="pages.LoginPage" name="clickLogIn" time="5.099"/>
  <testcase classname="pages.ProductsPage" name="addItemToCart" time="5.054"/>
  <testcase classname="base.Base" name="@AfterSuite close" time="0.0">
    <ignored/>
  </testcase> <!-- @AfterSuite close -->
  <testcase classname="base.Base" name="@BeforeSuite setup" time="0.0">
    <ignored/>
  </testcase> <!-- @BeforeSuite setup -->
</testsuite> <!-- Chrome Test -->
