<?xml version="1.0" encoding="UTF-8"?>
<testng-results ignored="2" total="6" passed="4" failed="0" skipped="0">
  <reporter-output>
  </reporter-output>
  <suite started-at="2022-07-30T21:58:05 EDT" name="TestSuite" finished-at="2022-07-30T21:58:25 EDT" duration-ms="20359">
    <groups>
    </groups>
    <test started-at="2022-07-30T21:58:05 EDT" name="Chrome Test" finished-at="2022-07-30T21:58:25 EDT" duration-ms="20359">
      <class name="pages.LoginPage">
        <test-method is-config="true" signature="setup()[pri:0, instance:pages.LoginPage@43301423]" started-at="2022-07-30T21:58:03 EDT" name="setup" finished-at="2022-07-30T21:58:05 EDT" duration-ms="1596" status="PASS">
          <reporter-output>
          </reporter-output>
        </test-method> <!-- setup -->
        <test-method signature="enterUserName()[pri:1, instance:pages.LoginPage@43301423]" started-at="2022-07-30T21:58:05 EDT" name="enterUserName" finished-at="2022-07-30T21:58:10 EDT" duration-ms="5110" status="PASS">
          <reporter-output>
          </reporter-output>
        </test-method> <!-- enterUserName -->
        <test-method signature="enterPassword()[pri:2, instance:pages.LoginPage@43301423]" started-at="2022-07-30T21:58:10 EDT" name="enterPassword" finished-at="2022-07-30T21:58:15 EDT" duration-ms="5062" status="PASS">
          <reporter-output>
          </reporter-output>
        </test-method> <!-- enterPassword -->
        <test-method signature="clickLogIn()[pri:3, instance:pages.LoginPage@43301423]" started-at="2022-07-30T21:58:15 EDT" name="clickLogIn" finished-at="2022-07-30T21:58:20 EDT" duration-ms="5099" status="PASS">
          <reporter-output>
          </reporter-output>
        </test-method> <!-- clickLogIn -->
        <test-method is-config="true" signature="close()[pri:0, instance:pages.LoginPage@43301423]" started-at="2022-07-30T21:58:25 EDT" name="close" finished-at="2022-07-30T21:58:25 EDT" duration-ms="149" status="PASS">
          <reporter-output>
          </reporter-output>
        </test-method> <!-- close -->
      </class> <!-- pages.LoginPage -->
      <class name="pages.ProductsPage">
        <test-method signature="addItemToCart()[pri:4, instance:pages.ProductsPage@2f112965]" started-at="2022-07-30T21:58:20 EDT" name="addItemToCart" finished-at="2022-07-30T21:58:25 EDT" duration-ms="5054" status="PASS">
          <reporter-output>
          </reporter-output>
        </test-method> <!-- addItemToCart -->
      </class> <!-- pages.ProductsPage -->
    </test> <!-- Chrome Test -->
  </suite> <!-- TestSuite -->
</testng-results>
